running egg_info
creating build/my_package/my_package.egg-info
writing build/my_package/my_package.egg-info/PKG-INFO
writing dependency_links to build/my_package/my_package.egg-info/dependency_links.txt
writing entry points to build/my_package/my_package.egg-info/entry_points.txt
writing requirements to build/my_package/my_package.egg-info/requires.txt
writing top-level names to build/my_package/my_package.egg-info/top_level.txt
writing manifest file 'build/my_package/my_package.egg-info/SOURCES.txt'
reading manifest file 'build/my_package/my_package.egg-info/SOURCES.txt'
writing manifest file 'build/my_package/my_package.egg-info/SOURCES.txt'
running build
running build_py
creating /home/aliz/CS452-Project-4/my_package/build/my_package/build
creating /home/aliz/CS452-Project-4/my_package/build/my_package/build/lib
creating /home/aliz/CS452-Project-4/my_package/build/my_package/build/lib/my_package
copying my_package/publisher_member_function.py -> /home/aliz/CS452-Project-4/my_package/build/my_package/build/lib/my_package
copying my_package/my_node.py -> /home/aliz/CS452-Project-4/my_package/build/my_package/build/lib/my_package
copying my_package/__init__.py -> /home/aliz/CS452-Project-4/my_package/build/my_package/build/lib/my_package
copying my_package/subscriber_member_function.py -> /home/aliz/CS452-Project-4/my_package/build/my_package/build/lib/my_package
running install
/usr/lib/python3/dist-packages/setuptools/command/install.py:34: SetuptoolsDeprecationWarning: setup.py install is deprecated. Use build and pip and other standards-based tools.
  warnings.warn(
running install_lib
creating /home/aliz/CS452-Project-4/my_package/install/my_package/lib/python3.10/site-packages/my_package
copying /home/aliz/CS452-Project-4/my_package/build/my_package/build/lib/my_package/publisher_member_function.py -> /home/aliz/CS452-Project-4/my_package/install/my_package/lib/python3.10/site-packages/my_package
copying /home/aliz/CS452-Project-4/my_package/build/my_package/build/lib/my_package/my_node.py -> /home/aliz/CS452-Project-4/my_package/install/my_package/lib/python3.10/site-packages/my_package
copying /home/aliz/CS452-Project-4/my_package/build/my_package/build/lib/my_package/__init__.py -> /home/aliz/CS452-Project-4/my_package/install/my_package/lib/python3.10/site-packages/my_package
copying /home/aliz/CS452-Project-4/my_package/build/my_package/build/lib/my_package/subscriber_member_function.py -> /home/aliz/CS452-Project-4/my_package/install/my_package/lib/python3.10/site-packages/my_package
byte-compiling /home/aliz/CS452-Project-4/my_package/install/my_package/lib/python3.10/site-packages/my_package/publisher_member_function.py to publisher_member_function.cpython-310.pyc
byte-compiling /home/aliz/CS452-Project-4/my_package/install/my_package/lib/python3.10/site-packages/my_package/my_node.py to my_node.cpython-310.pyc
byte-compiling /home/aliz/CS452-Project-4/my_package/install/my_package/lib/python3.10/site-packages/my_package/__init__.py to __init__.cpython-310.pyc
byte-compiling /home/aliz/CS452-Project-4/my_package/install/my_package/lib/python3.10/site-packages/my_package/subscriber_member_function.py to subscriber_member_function.cpython-310.pyc
running install_data
creating /home/aliz/CS452-Project-4/my_package/install/my_package/share/ament_index
creating /home/aliz/CS452-Project-4/my_package/install/my_package/share/ament_index/resource_index
creating /home/aliz/CS452-Project-4/my_package/install/my_package/share/ament_index/resource_index/packages
copying resource/my_package -> /home/aliz/CS452-Project-4/my_package/install/my_package/share/ament_index/resource_index/packages
copying package.xml -> /home/aliz/CS452-Project-4/my_package/install/my_package/share/my_package
running install_egg_info
Copying build/my_package/my_package.egg-info to /home/aliz/CS452-Project-4/my_package/install/my_package/lib/python3.10/site-packages/my_package-0.0.0-py3.10.egg-info
running install_scripts
Installing listener script to /home/aliz/CS452-Project-4/my_package/install/my_package/lib/my_package
Installing talker script to /home/aliz/CS452-Project-4/my_package/install/my_package/lib/my_package
writing list of installed files to '/home/aliz/CS452-Project-4/my_package/build/my_package/install.log'
