[1.023s] Invoking command in '/home/aliz/CS452-Project-4/my_package': PYTHONPATH=/home/aliz/CS452-Project-4/my_package/build/my_package/prefix_override:/home/aliz/CS452-Project-4/my_package/install/my_package/lib/python3.10/site-packages:${PYTHONPATH} /usr/bin/python3 setup.py egg_info --egg-base build/my_package build --build-base /home/aliz/CS452-Project-4/my_package/build/my_package/build install --record /home/aliz/CS452-Project-4/my_package/build/my_package/install.log --single-version-externally-managed
[1.220s] running egg_info
[1.228s] creating build/my_package/my_package.egg-info
[1.233s] writing build/my_package/my_package.egg-info/PKG-INFO
[1.235s] writing dependency_links to build/my_package/my_package.egg-info/dependency_links.txt
[1.235s] writing entry points to build/my_package/my_package.egg-info/entry_points.txt
[1.235s] writing requirements to build/my_package/my_package.egg-info/requires.txt
[1.235s] writing top-level names to build/my_package/my_package.egg-info/top_level.txt
[1.235s] writing manifest file 'build/my_package/my_package.egg-info/SOURCES.txt'
[1.235s] reading manifest file 'build/my_package/my_package.egg-info/SOURCES.txt'
[1.235s] writing manifest file 'build/my_package/my_package.egg-info/SOURCES.txt'
[1.245s] running build
[1.246s] running build_py
[1.247s] creating /home/aliz/CS452-Project-4/my_package/build/my_package/build
[1.248s] creating /home/aliz/CS452-Project-4/my_package/build/my_package/build/lib
[1.248s] creating /home/aliz/CS452-Project-4/my_package/build/my_package/build/lib/my_package
[1.251s] copying my_package/publisher_member_function.py -> /home/aliz/CS452-Project-4/my_package/build/my_package/build/lib/my_package
[1.251s] copying my_package/my_node.py -> /home/aliz/CS452-Project-4/my_package/build/my_package/build/lib/my_package
[1.251s] copying my_package/__init__.py -> /home/aliz/CS452-Project-4/my_package/build/my_package/build/lib/my_package
[1.251s] copying my_package/subscriber_member_function.py -> /home/aliz/CS452-Project-4/my_package/build/my_package/build/lib/my_package
[1.251s] running install
[1.252s] /usr/lib/python3/dist-packages/setuptools/command/install.py:34: SetuptoolsDeprecationWarning: setup.py install is deprecated. Use build and pip and other standards-based tools.
[1.267s]   warnings.warn(
[1.268s] running install_lib
[1.268s] creating /home/aliz/CS452-Project-4/my_package/install/my_package/lib/python3.10/site-packages/my_package
[1.268s] copying /home/aliz/CS452-Project-4/my_package/build/my_package/build/lib/my_package/publisher_member_function.py -> /home/aliz/CS452-Project-4/my_package/install/my_package/lib/python3.10/site-packages/my_package
[1.268s] copying /home/aliz/CS452-Project-4/my_package/build/my_package/build/lib/my_package/my_node.py -> /home/aliz/CS452-Project-4/my_package/install/my_package/lib/python3.10/site-packages/my_package
[1.268s] copying /home/aliz/CS452-Project-4/my_package/build/my_package/build/lib/my_package/__init__.py -> /home/aliz/CS452-Project-4/my_package/install/my_package/lib/python3.10/site-packages/my_package
[1.268s] copying /home/aliz/CS452-Project-4/my_package/build/my_package/build/lib/my_package/subscriber_member_function.py -> /home/aliz/CS452-Project-4/my_package/install/my_package/lib/python3.10/site-packages/my_package
[1.268s] byte-compiling /home/aliz/CS452-Project-4/my_package/install/my_package/lib/python3.10/site-packages/my_package/publisher_member_function.py to publisher_member_function.cpython-310.pyc
[1.268s] byte-compiling /home/aliz/CS452-Project-4/my_package/install/my_package/lib/python3.10/site-packages/my_package/my_node.py to my_node.cpython-310.pyc
[1.268s] byte-compiling /home/aliz/CS452-Project-4/my_package/install/my_package/lib/python3.10/site-packages/my_package/__init__.py to __init__.cpython-310.pyc
[1.268s] byte-compiling /home/aliz/CS452-Project-4/my_package/install/my_package/lib/python3.10/site-packages/my_package/subscriber_member_function.py to subscriber_member_function.cpython-310.pyc
[1.268s] running install_data
[1.269s] creating /home/aliz/CS452-Project-4/my_package/install/my_package/share/ament_index
[1.269s] creating /home/aliz/CS452-Project-4/my_package/install/my_package/share/ament_index/resource_index
[1.269s] creating /home/aliz/CS452-Project-4/my_package/install/my_package/share/ament_index/resource_index/packages
[1.269s] copying resource/my_package -> /home/aliz/CS452-Project-4/my_package/install/my_package/share/ament_index/resource_index/packages
[1.269s] copying package.xml -> /home/aliz/CS452-Project-4/my_package/install/my_package/share/my_package
[1.269s] running install_egg_info
[1.272s] Copying build/my_package/my_package.egg-info to /home/aliz/CS452-Project-4/my_package/install/my_package/lib/python3.10/site-packages/my_package-0.0.0-py3.10.egg-info
[1.275s] running install_scripts
[1.304s] Installing listener script to /home/aliz/CS452-Project-4/my_package/install/my_package/lib/my_package
[1.305s] Installing talker script to /home/aliz/CS452-Project-4/my_package/install/my_package/lib/my_package
[1.305s] writing list of installed files to '/home/aliz/CS452-Project-4/my_package/build/my_package/install.log'
[1.330s] Invoked command in '/home/aliz/CS452-Project-4/my_package' returned '0': PYTHONPATH=/home/aliz/CS452-Project-4/my_package/build/my_package/prefix_override:/home/aliz/CS452-Project-4/my_package/install/my_package/lib/python3.10/site-packages:${PYTHONPATH} /usr/bin/python3 setup.py egg_info --egg-base build/my_package build --build-base /home/aliz/CS452-Project-4/my_package/build/my_package/build install --record /home/aliz/CS452-Project-4/my_package/build/my_package/install.log --single-version-externally-managed
