[1.333s] DEBUG:colcon:Command line arguments: ['/usr/bin/colcon', 'build']
[1.333s] DEBUG:colcon:Parsed command line arguments: Namespace(log_base=None, log_level=None, verb_name='build', build_base='build', install_base='install', merge_install=False, symlink_install=False, test_result_base=None, continue_on_error=False, executor='parallel', parallel_workers=4, event_handlers=None, ignore_user_meta=False, metas=['./colcon.meta'], base_paths=['.'], packages_ignore=None, packages_ignore_regex=None, paths=None, packages_up_to=None, packages_up_to_regex=None, packages_above=None, packages_above_and_dependencies=None, packages_above_depth=None, packages_select_by_dep=None, packages_skip_by_dep=None, packages_skip_up_to=None, packages_select_build_failed=False, packages_skip_build_finished=False, packages_select_test_failures=False, packages_skip_test_passed=False, packages_select=None, packages_skip=None, packages_select_regex=None, packages_skip_regex=None, packages_start=None, packages_end=None, allow_overriding=[], cmake_args=None, cmake_target=None, cmake_target_skip_unavailable=False, cmake_clean_cache=False, cmake_clean_first=False, cmake_force_configure=False, ament_cmake_args=None, catkin_cmake_args=None, catkin_skip_building_tests=False, verb_parser=<colcon_defaults.argument_parser.defaults.DefaultArgumentsDecorator object at 0x7f3b89d62e00>, verb_extension=<colcon_core.verb.build.BuildVerb object at 0x7f3b89d603a0>, main=<bound method BuildVerb.main of <colcon_core.verb.build.BuildVerb object at 0x7f3b89d603a0>>)
[1.578s] Level 1:colcon.colcon_core.package_discovery:discover_packages(colcon_meta) check parameters
[1.578s] Level 1:colcon.colcon_core.package_discovery:discover_packages(recursive) check parameters
[1.578s] Level 1:colcon.colcon_core.package_discovery:discover_packages(ignore) check parameters
[1.578s] Level 1:colcon.colcon_core.package_discovery:discover_packages(path) check parameters
[1.578s] Level 1:colcon.colcon_core.package_discovery:discover_packages(colcon_meta) discover
[1.578s] Level 1:colcon.colcon_core.package_discovery:discover_packages(recursive) discover
[1.578s] INFO:colcon.colcon_core.package_discovery:Crawling recursively for packages in '/home/aliz/CS452-Project-4/my_package'
[1.578s] Level 1:colcon.colcon_core.package_identification:_identify(.) by extensions ['ignore', 'ignore_ament_install']
[1.578s] Level 1:colcon.colcon_core.package_identification:_identify(.) by extension 'ignore'
[1.579s] Level 1:colcon.colcon_core.package_identification:_identify(.) by extension 'ignore_ament_install'
[1.579s] Level 1:colcon.colcon_core.package_identification:_identify(.) by extensions ['colcon_pkg']
[1.579s] Level 1:colcon.colcon_core.package_identification:_identify(.) by extension 'colcon_pkg'
[1.579s] Level 1:colcon.colcon_core.package_identification:_identify(.) by extensions ['colcon_meta']
[1.579s] Level 1:colcon.colcon_core.package_identification:_identify(.) by extension 'colcon_meta'
[1.579s] Level 1:colcon.colcon_core.package_identification:_identify(.) by extensions ['ros']
[1.579s] Level 1:colcon.colcon_core.package_identification:_identify(.) by extension 'ros'
[1.620s] DEBUG:colcon.colcon_core.package_identification:Package '.' with type 'ros.ament_python' and name 'my_package'
[1.620s] Level 1:colcon.colcon_core.package_discovery:discover_packages(recursive) using defaults
[1.621s] Level 1:colcon.colcon_core.package_discovery:discover_packages(ignore) discover
[1.621s] Level 1:colcon.colcon_core.package_discovery:discover_packages(ignore) using defaults
[1.621s] Level 1:colcon.colcon_core.package_discovery:discover_packages(path) discover
[1.621s] Level 1:colcon.colcon_core.package_discovery:discover_packages(path) using defaults
[1.759s] Level 1:colcon.colcon_core.package_discovery:discover_packages(prefix_path) check parameters
[1.759s] Level 1:colcon.colcon_core.package_discovery:discover_packages(prefix_path) discover
[1.791s] DEBUG:colcon.colcon_installed_package_information.package_discovery:Found 0 installed packages in /home/aliz/CS452-Project-4/my_package/my_package/install
[1.805s] DEBUG:colcon.colcon_installed_package_information.package_discovery:Found 270 installed packages in /opt/ros/humble
[1.806s] Level 1:colcon.colcon_core.package_discovery:discover_packages(prefix_path) using defaults
[1.892s] Level 5:colcon.colcon_core.verb:set package 'my_package' build argument 'cmake_args' from command line to 'None'
[1.892s] Level 5:colcon.colcon_core.verb:set package 'my_package' build argument 'cmake_target' from command line to 'None'
[1.892s] Level 5:colcon.colcon_core.verb:set package 'my_package' build argument 'cmake_target_skip_unavailable' from command line to 'False'
[1.892s] Level 5:colcon.colcon_core.verb:set package 'my_package' build argument 'cmake_clean_cache' from command line to 'False'
[1.892s] Level 5:colcon.colcon_core.verb:set package 'my_package' build argument 'cmake_clean_first' from command line to 'False'
[1.892s] Level 5:colcon.colcon_core.verb:set package 'my_package' build argument 'cmake_force_configure' from command line to 'False'
[1.892s] Level 5:colcon.colcon_core.verb:set package 'my_package' build argument 'ament_cmake_args' from command line to 'None'
[1.892s] Level 5:colcon.colcon_core.verb:set package 'my_package' build argument 'catkin_cmake_args' from command line to 'None'
[1.892s] Level 5:colcon.colcon_core.verb:set package 'my_package' build argument 'catkin_skip_building_tests' from command line to 'False'
[1.892s] DEBUG:colcon.colcon_core.verb:Building package 'my_package' with the following arguments: {'ament_cmake_args': None, 'build_base': '/home/aliz/CS452-Project-4/my_package/build/my_package', 'catkin_cmake_args': None, 'catkin_skip_building_tests': False, 'cmake_args': None, 'cmake_clean_cache': False, 'cmake_clean_first': False, 'cmake_force_configure': False, 'cmake_target': None, 'cmake_target_skip_unavailable': False, 'install_base': '/home/aliz/CS452-Project-4/my_package/install/my_package', 'merge_install': False, 'path': '/home/aliz/CS452-Project-4/my_package', 'symlink_install': False, 'test_result_base': None}
[1.903s] INFO:colcon.colcon_core.executor:Executing jobs using 'parallel' executor
[1.916s] DEBUG:colcon.colcon_parallel_executor.executor.parallel:run_until_complete
[1.917s] INFO:colcon.colcon_ros.task.ament_python.build:Building ROS package in '/home/aliz/CS452-Project-4/my_package' with build type 'ament_python'
[1.917s] Level 1:colcon.colcon_core.shell:create_environment_hook('my_package', 'ament_prefix_path')
[1.951s] INFO:colcon.colcon_core.plugin_system:Skipping extension 'colcon_core.shell.bat': Not used on non-Windows systems
[1.952s] INFO:colcon.colcon_core.shell:Creating environment hook '/home/aliz/CS452-Project-4/my_package/install/my_package/share/my_package/hook/ament_prefix_path.ps1'
[1.959s] INFO:colcon.colcon_core.shell:Creating environment descriptor '/home/aliz/CS452-Project-4/my_package/install/my_package/share/my_package/hook/ament_prefix_path.dsv'
[1.961s] INFO:colcon.colcon_core.shell:Creating environment hook '/home/aliz/CS452-Project-4/my_package/install/my_package/share/my_package/hook/ament_prefix_path.sh'
[1.976s] INFO:colcon.colcon_core.shell:Skip shell extension 'powershell' for command environment: Not usable outside of PowerShell
[1.976s] DEBUG:colcon.colcon_core.shell:Skip shell extension 'dsv' for command environment
[2.317s] INFO:colcon.colcon_core.task.python.build:Building Python package in '/home/aliz/CS452-Project-4/my_package'
[2.333s] INFO:colcon.colcon_core.shell:Skip shell extension 'powershell' for command environment: Not usable outside of PowerShell
[2.333s] DEBUG:colcon.colcon_core.shell:Skip shell extension 'dsv' for command environment
[2.942s] DEBUG:colcon.colcon_core.event_handler.log_command:Invoking command in '/home/aliz/CS452-Project-4/my_package': PYTHONPATH=/home/aliz/CS452-Project-4/my_package/build/my_package/prefix_override:/home/aliz/CS452-Project-4/my_package/install/my_package/lib/python3.10/site-packages:${PYTHONPATH} /usr/bin/python3 setup.py egg_info --egg-base build/my_package build --build-base /home/aliz/CS452-Project-4/my_package/build/my_package/build install --record /home/aliz/CS452-Project-4/my_package/build/my_package/install.log --single-version-externally-managed
[3.249s] DEBUG:colcon.colcon_core.event_handler.log_command:Invoked command in '/home/aliz/CS452-Project-4/my_package' returned '0': PYTHONPATH=/home/aliz/CS452-Project-4/my_package/build/my_package/prefix_override:/home/aliz/CS452-Project-4/my_package/install/my_package/lib/python3.10/site-packages:${PYTHONPATH} /usr/bin/python3 setup.py egg_info --egg-base build/my_package build --build-base /home/aliz/CS452-Project-4/my_package/build/my_package/build install --record /home/aliz/CS452-Project-4/my_package/build/my_package/install.log --single-version-externally-managed
[3.299s] Level 1:colcon.colcon_core.environment:checking '/home/aliz/CS452-Project-4/my_package/install/my_package' for CMake module files
[3.299s] Level 1:colcon.colcon_core.environment:checking '/home/aliz/CS452-Project-4/my_package/install/my_package' for CMake config files
[3.300s] Level 1:colcon.colcon_core.environment:checking '/home/aliz/CS452-Project-4/my_package/install/my_package/lib'
[3.300s] Level 1:colcon.colcon_core.environment:checking '/home/aliz/CS452-Project-4/my_package/install/my_package/bin'
[3.300s] Level 1:colcon.colcon_core.environment:checking '/home/aliz/CS452-Project-4/my_package/install/my_package/lib/pkgconfig/my_package.pc'
[3.300s] Level 1:colcon.colcon_core.environment:checking '/home/aliz/CS452-Project-4/my_package/install/my_package/lib/python3.10/site-packages'
[3.300s] Level 1:colcon.colcon_core.shell:create_environment_hook('my_package', 'pythonpath')
[3.314s] INFO:colcon.colcon_core.shell:Creating environment hook '/home/aliz/CS452-Project-4/my_package/install/my_package/share/my_package/hook/pythonpath.ps1'
[3.314s] INFO:colcon.colcon_core.shell:Creating environment descriptor '/home/aliz/CS452-Project-4/my_package/install/my_package/share/my_package/hook/pythonpath.dsv'
[3.315s] INFO:colcon.colcon_core.shell:Creating environment hook '/home/aliz/CS452-Project-4/my_package/install/my_package/share/my_package/hook/pythonpath.sh'
[3.315s] Level 1:colcon.colcon_core.environment:checking '/home/aliz/CS452-Project-4/my_package/install/my_package/bin'
[3.315s] Level 1:colcon.colcon_core.environment:create_environment_scripts_only(my_package)
[3.328s] INFO:colcon.colcon_core.shell:Creating package script '/home/aliz/CS452-Project-4/my_package/install/my_package/share/my_package/package.ps1'
[3.330s] INFO:colcon.colcon_core.shell:Creating package descriptor '/home/aliz/CS452-Project-4/my_package/install/my_package/share/my_package/package.dsv'
[3.331s] INFO:colcon.colcon_core.shell:Creating package script '/home/aliz/CS452-Project-4/my_package/install/my_package/share/my_package/package.sh'
[3.333s] INFO:colcon.colcon_core.shell:Creating package script '/home/aliz/CS452-Project-4/my_package/install/my_package/share/my_package/package.bash'
[3.335s] INFO:colcon.colcon_core.shell:Creating package script '/home/aliz/CS452-Project-4/my_package/install/my_package/share/my_package/package.zsh'
[3.337s] Level 1:colcon.colcon_core.environment:create_file_with_runtime_dependencies(/home/aliz/CS452-Project-4/my_package/install/my_package/share/colcon-core/packages/my_package)
[3.338s] DEBUG:colcon.colcon_parallel_executor.executor.parallel:closing loop
[3.338s] DEBUG:colcon.colcon_parallel_executor.executor.parallel:loop closed
[3.338s] DEBUG:colcon.colcon_parallel_executor.executor.parallel:run_until_complete finished with '0'
[3.338s] DEBUG:colcon.colcon_core.event_reactor:joining thread
[3.397s] INFO:colcon.colcon_core.plugin_system:Skipping extension 'colcon_notification.desktop_notification.terminal_notifier': Not used on non-Darwin systems
[3.397s] INFO:colcon.colcon_core.plugin_system:Skipping extension 'colcon_notification.desktop_notification.win32': Not used on non-Windows systems
[3.397s] INFO:colcon.colcon_notification.desktop_notification:Sending desktop notification using 'notify2'
[3.428s] DEBUG:colcon.colcon_core.event_reactor:joined thread
[3.443s] INFO:colcon.colcon_core.shell:Creating prefix script '/home/aliz/CS452-Project-4/my_package/install/local_setup.ps1'
[3.445s] INFO:colcon.colcon_core.shell:Creating prefix util module '/home/aliz/CS452-Project-4/my_package/install/_local_setup_util_ps1.py'
[3.456s] INFO:colcon.colcon_core.shell:Creating prefix chain script '/home/aliz/CS452-Project-4/my_package/install/setup.ps1'
[3.478s] INFO:colcon.colcon_core.shell:Creating prefix script '/home/aliz/CS452-Project-4/my_package/install/local_setup.sh'
[3.480s] INFO:colcon.colcon_core.shell:Creating prefix util module '/home/aliz/CS452-Project-4/my_package/install/_local_setup_util_sh.py'
[3.480s] INFO:colcon.colcon_core.shell:Creating prefix chain script '/home/aliz/CS452-Project-4/my_package/install/setup.sh'
[3.496s] INFO:colcon.colcon_core.shell:Creating prefix script '/home/aliz/CS452-Project-4/my_package/install/local_setup.bash'
[3.504s] INFO:colcon.colcon_core.shell:Creating prefix chain script '/home/aliz/CS452-Project-4/my_package/install/setup.bash'
[3.541s] INFO:colcon.colcon_core.shell:Creating prefix script '/home/aliz/CS452-Project-4/my_package/install/local_setup.zsh'
[3.542s] INFO:colcon.colcon_core.shell:Creating prefix chain script '/home/aliz/CS452-Project-4/my_package/install/setup.zsh'
